<?xml version="1.0" encoding="UTF-8"?>
<testng-results skipped="0" failed="0" ignored="0" total="1" passed="1">
  <reporter-output>
  </reporter-output>
  <suite name="Default suite" duration-ms="30230" started-at="2020-07-30T12:58:11Z" finished-at="2020-07-30T12:58:42Z">
    <groups>
    </groups>
    <test name="Default test" duration-ms="30230" started-at="2020-07-30T12:58:11Z" finished-at="2020-07-30T12:58:42Z">
      <class name="test.WeightWatchers">
        <test-method status="PASS" signature="setup()[pri:0, instance:test.WeightWatchers@7cd62f43]" name="setup" is-config="true" duration-ms="15944" started-at="2020-07-30T12:58:11Z" finished-at="2020-07-30T12:58:27Z">
          <reporter-output>
          </reporter-output>
        </test-method> <!-- setup -->
        <test-method status="PASS" signature="wwTestOne()[pri:0, instance:test.WeightWatchers@7cd62f43]" name="wwTestOne" duration-ms="9500" started-at="2020-07-30T12:58:27Z" finished-at="2020-07-30T12:58:37Z">
          <reporter-output>
          </reporter-output>
        </test-method> <!-- wwTestOne -->
        <test-method status="PASS" signature="teardown()[pri:0, instance:test.WeightWatchers@7cd62f43]" name="teardown" is-config="true" duration-ms="4751" started-at="2020-07-30T12:58:37Z" finished-at="2020-07-30T12:58:42Z">
          <reporter-output>
          </reporter-output>
        </test-method> <!-- teardown -->
      </class> <!-- test.WeightWatchers -->
    </test> <!-- Default test -->
  </suite> <!-- Default suite -->
</testng-results>
